host: labo-eeo
Building DAG of jobs...
Using shell: /usr/bin/bash
Provided cores: 1 (use --cores to define parallelism)
Rules claiming more threads will be scaled down.
Job stats:
job        count
-------  -------
get_geo        1
targets        1
total          2

Select jobs to execute...
Execute 1 jobs...

[Wed Sep 11 13:29:15 2024]
localrule get_geo:
    input: code/get_geo.bash
    output: data/GSE201153.tar
    jobid: 1
    reason: Missing output files: data/GSE201153.tar
    resources: tmpdir=/tmp

[Wed Sep 11 13:29:15 2024]
Error in rule get_geo:
    jobid: 1
    input: code/get_geo.bash
    output: data/GSE201153.tar
    shell:
        " 
      code/get_geo.bash 
      
        (one of the commands exited with non-zero exit code; note that snakemake uses bash strict mode!)

Shutting down, this might take some time.
Exiting because a job execution failed. Look above for error message
Complete log: .snakemake/log/2024-09-11T132915.525409.snakemake.log
WorkflowError:
At least one job did not complete successfully.
