host: labo-eeo
Building DAG of jobs...
Using shell: /usr/bin/bash
Provided cores: 1 (use --cores to define parallelism)
Rules claiming more threads will be scaled down.
Job stats:
job        count
-------  -------
get_geo        1
targets        1
total          2

Select jobs to execute...
Execute 1 jobs...

[Wed Sep 11 13:30:09 2024]
localrule get_geo:
    input: code/get_geo.bash
    output: data/GSE201153.tar
    jobid: 1
    reason: Missing output files: data/GSE201153.tar
    resources: tmpdir=/tmp

[Wed Sep 11 13:35:22 2024]
Finished job 1.
1 of 2 steps (50%) done
Select jobs to execute...
Execute 1 jobs...

[Wed Sep 11 13:35:22 2024]
localrule targets:
    input: data/GSE201153.tar
    jobid: 0
    reason: Input files updated by another job: data/GSE201153.tar
    resources: tmpdir=/tmp

[Wed Sep 11 13:35:22 2024]
Finished job 0.
2 of 2 steps (100%) done
Complete log: .snakemake/log/2024-09-11T133009.552199.snakemake.log
